<?xml version="1.0" encoding="utf-8"?><testsuites name="pytest tests"><testsuite name="pytest" errors="0" failures="0" skipped="0" tests="8" time="0.784" timestamp="2026-04-23T23:14:05.070640+00:00" hostname="agent-env-f7fdc518-7346-4a28-9d12-1ec81070514d"><testcase classname="backend.tests.test_tom_certo.TestHealth" name="test_health" time="0.255" /><testcase classname="backend.tests.test_tom_certo.TestSeed" name="test_seed_test_token" time="0.051" /><testcase classname="backend.tests.test_tom_certo.TestAuth" name="test_validate_token" time="0.051" /><testcase classname="backend.tests.test_tom_certo.TestAuth" name="test_validate_invalid_token" time="0.056" /><testcase classname="backend.tests.test_tom_certo.TestAuth" name="test_revalidate_session" time="0.061" /><testcase classname="backend.tests.test_tom_certo.TestAuth" name="test_revalidate_wrong_device" time="0.067" /><testcase classname="backend.tests.test_tom_certo.TestAnalyzeKey" name="test_analyze_empty_body" time="0.047" /><testcase classname="backend.tests.test_tom_certo.TestAnalyzeKey" name="test_analyze_short_audio" time="0.050" /></testsuite></testsuites>